<?xml version="1.0" encoding="utf-8"?><testsuites name="pytest tests"><testsuite name="pytest" errors="0" failures="1" skipped="0" tests="25" time="3.057" timestamp="2026-08-11T16:36:30.619309+00:00" hostname="agent-env-32370409-1bd0-4895-9ef1-debe42625243"><testcase classname="tests.backend_test.TestAuth" name="test_unauth_items_returns_401" time="0.683" /><testcase classname="tests.backend_test.TestAuth" name="test_login_wrong_password_returns_401_telugu" time="0.324" /><testcase classname="tests.backend_test.TestWeeklyReport" name="test_weekly_report_default_this_week" time="0.762" /><testcase classname="tests.backend_test.TestWeeklyReport" name="test_weekly_report_snaps_to_monday" time="0.247" /><testcase classname="tests.backend_test.TestAuth" name="test_login_success_and_me" time="0.074" /><testcase classname="tests.backend_test.TestWeeklyReport" name="test_weekly_report_empty_week_returns_zeros" time="0.033" /><testcase classname="tests.backend_test.TestWeeklyReport" name="test_weekly_report_totals_match_bills" time="0.220"><failure message="assert 25 == (23 + 1)">backend/tests/backend_test.py:432: in test_weekly_report_totals_match_bills
    assert after["bill_count"] == before["bill_count"] + 1
E   assert 25 == (23 + 1)</failure></testcase><testcase classname="tests.backend_test.TestAuth" name="test_bearer_token_works_for_items" time="0.037" /><testcase classname="tests.backend_test.TestBills" name="test_cash_bill" time="0.070" /><testcase classname="tests.backend_test.TestBills" name="test_khata_bill_requires_customer" time="0.075" /><testcase classname="tests.backend_test.TestBills" name="test_khata_bill_and_settlement" time="0.206" /><testcase classname="tests.backend_test.TestStaffLogoBilledBy" name="test_settings_persists_staff_and_logo" time="0.179" /><testcase classname="tests.backend_test.TestSettings" name="test_settings_shape_no_gstin_required" time="0.075" /><testcase classname="tests.backend_test.TestStaffLogoBilledBy" name="test_bill_persists_billed_by_and_daily_by_staff" time="0.314" /><testcase classname="tests.backend_test.TestSettings" name="test_settings_update_persists" time="0.202" /><testcase classname="tests.backend_test.TestSeedAndItems" name="test_seed_and_items" time="0.032" /><testcase classname="tests.backend_test.TestSeedAndItems" name="test_customers_seeded" time="0.032" /><testcase classname="tests.backend_test.TestStaffLogoBilledBy" name="test_bill_without_billed_by_groups_as_dash" time="0.116" /><testcase classname="tests.backend_test.TestBulkPrice" name="test_bulk_price_dry_run_then_apply" time="0.355" /><testcase classname="tests.backend_test.TestStock" name="test_stock_set_and_add" time="0.183" /><testcase classname="tests.backend_test.TestStock" name="test_bill_decrements_stock" time="0.185" /><testcase classname="tests.backend_test.TestDuplicateCode" name="test_update_item_duplicate_code_rejected" time="0.097" /><testcase classname="tests.backend_test.TestMonthlyReport" name="test_monthly_report_shape_and_per_day" time="0.098" /><testcase classname="tests.backend_test.TestStatement" name="test_statement_math" time="0.221" /><testcase classname="tests.backend_test.TestDailyReport" name="test_daily_report_shape" time="0.037" /></testsuite></testsuites>